{"uid":"41652ab671218564","name":"空用户名登录验证","fullName":"tests.test_login.TestLogin#test_login_with_empty_username","historyId":"1340611f82e45c07aff71e937548b467","time":{"start":1769617403711,"stop":1769617404789,"duration":1078},"description":"\n        测试空用户名登录\n\n        步骤:\n        1. 打开登录页面\n        2. 只输入密码，不输入用户名\n        3. 点击登录\n        4. 验证显示必填字段错误\n        ","descriptionHtml":"<pre><code>    测试空用户名登录\n\n    步骤:\n    1. 打开登录页面\n    2. 只输入密码，不输入用户名\n    3. 点击登录\n    4. 验证显示必填字段错误\n</code></pre>\n","status":"failed","statusMessage":"AssertionError: 错误消息不正确: 需要\nassert 'required' in '需要'\n +  where '需要' = <built-in method lower of str object at 0x7f6fafdb2cb0>()\n +    where <built-in method lower of str object at 0x7f6fafdb2cb0> = '需要'.lower","statusTrace":"tests/test_login.py:92: in test_login_with_empty_username\n    assert \"required\" in error.lower(), f\"错误消息不正确: {error}\"\nE   AssertionError: 错误消息不正确: 需要\nE   assert 'required' in '需要'\nE    +  where '需要' = <built-in method lower of str object at 0x7f6fafdb2cb0>()\nE    +    where <built-in method lower of str object at 0x7f6fafdb2cb0> = '需要'.lower","flaky":false,"newFailed":false,"newBroken":false,"newPassed":false,"retriesCount":0,"retriesStatusChange":false,"beforeStages":[{"name":"context","time":{"start":1769617403679,"stop":1769617403684,"duration":5},"status":"passed","steps":[],"attachments":[],"parameters":[],"shouldDisplayMessage":false,"stepsCount":0,"attachmentsCount":0,"hasContent":false,"attachmentStep":false},{"name":"page","time":{"start":1769617403684,"stop":1769617403710,"duration":26},"status":"passed","steps":[],"attachments":[],"parameters":[],"shouldDisplayMessage":false,"stepsCount":0,"attachmentsCount":0,"hasContent":false,"attachmentStep":false},{"name":"login_page","time":{"start":1769617403710,"stop":1769617403711,"duration":1},"status":"passed","steps":[],"attachments":[],"parameters":[],"shouldDisplayMessage":false,"stepsCount":0,"attachmentsCount":0,"hasContent":false,"attachmentStep":false}],"testStage":{"description":"\n        测试空用户名登录\n\n        步骤:\n        1. 打开登录页面\n        2. 只输入密码，不输入用户名\n        3. 点击登录\n        4. 验证显示必填字段错误\n        ","status":"failed","statusMessage":"AssertionError: 错误消息不正确: 需要\nassert 'required' in '需要'\n +  where '需要' = <built-in method lower of str object at 0x7f6fafdb2cb0>()\n +    where <built-in method lower of str object at 0x7f6fafdb2cb0> = '需要'.lower","statusTrace":"tests/test_login.py:92: in test_login_with_empty_username\n    assert \"required\" in error.lower(), f\"错误消息不正确: {error}\"\nE   AssertionError: 错误消息不正确: 需要\nE   assert 'required' in '需要'\nE    +  where '需要' = <built-in method lower of str object at 0x7f6fafdb2cb0>()\nE    +    where <built-in method lower of str object at 0x7f6fafdb2cb0> = '需要'.lower","steps":[{"name":"打开登录页面","time":{"start":1769617403711,"stop":1769617404687,"duration":976},"status":"passed","steps":[{"name":"打开登录页面","time":{"start":1769617403711,"stop":1769617404687,"duration":976},"status":"passed","steps":[{"name":"导航到: 'https://opensource-demo.orangehrmlive.com/web/index.php/auth/login'","time":{"start":1769617403711,"stop":1769617404335,"duration":624},"status":"passed","steps":[],"attachments":[],"parameters":[{"name":"url","value":"'https://opensource-demo.orangehrmlive.com/web/index.php/auth/login'"}],"shouldDisplayMessage":false,"stepsCount":0,"attachmentsCount":0,"hasContent":true,"attachmentStep":false},{"name":"等待元素可见","time":{"start":1769617404335,"stop":1769617404687,"duration":352},"status":"passed","steps":[],"attachments":[],"parameters":[{"name":"selector","value":"'button[type='submit']'"},{"name":"timeout","value":"None"}],"shouldDisplayMessage":false,"stepsCount":0,"attachmentsCount":0,"hasContent":true,"attachmentStep":false}],"attachments":[],"parameters":[],"shouldDisplayMessage":false,"stepsCount":2,"attachmentsCount":0,"hasContent":true,"attachmentStep":false}],"attachments":[],"parameters":[],"shouldDisplayMessage":false,"stepsCount":3,"attachmentsCount":0,"hasContent":true,"attachmentStep":false},{"name":"只输入密码","time":{"start":1769617404687,"stop":1769617404777,"duration":90},"status":"passed","steps":[{"name":"输入密码","time":{"start":1769617404687,"stop":1769617404704,"duration":17},"status":"passed","steps":[{"name":"输入文本","time":{"start":1769617404687,"stop":1769617404704,"duration":17},"status":"passed","steps":[],"attachments":[],"parameters":[{"name":"selector","value":"'input[name='password']'"},{"name":"text","value":"'admin123'"}],"shouldDisplayMessage":false,"stepsCount":0,"attachmentsCount":0,"hasContent":true,"attachmentStep":false}],"attachments":[],"parameters":[{"name":"password","value":"'admin123'"}],"shouldDisplayMessage":false,"stepsCount":1,"attachmentsCount":0,"hasContent":true,"attachmentStep":false},{"name":"点击登录按钮","time":{"start":1769617404705,"stop":1769617404777,"duration":72},"status":"passed","steps":[{"name":"点击元素","time":{"start":1769617404705,"stop":1769617404777,"duration":72},"status":"passed","steps":[],"attachments":[],"parameters":[{"name":"selector","value":"'button[type='submit']'"}],"shouldDisplayMessage":false,"stepsCount":0,"attachmentsCount":0,"hasContent":true,"attachmentStep":false}],"attachments":[],"parameters":[],"shouldDisplayMessage":false,"stepsCount":1,"attachmentsCount":0,"hasContent":true,"attachmentStep":false}],"attachments":[],"parameters":[],"shouldDisplayMessage":false,"stepsCount":4,"attachmentsCount":0,"hasContent":true,"attachmentStep":false},{"name":"验证显示必填字段错误","time":{"start":1769617404777,"stop":1769617404789,"duration":12},"status":"failed","statusMessage":"AssertionError: 错误消息不正确: 需要\nassert 'required' in '需要'\n +  where '需要' = <built-in method lower of str object at 0x7f6fafdb2cb0>()\n +    where <built-in method lower of str object at 0x7f6fafdb2cb0> = '需要'.lower\n","statusTrace":"  File \"/home/runner/work/playwright-test/playwright-test/tests/test_login.py\", line 92, in test_login_with_empty_username\n    assert \"required\" in error.lower(), f\"错误消息不正确: {error}\"\n","steps":[],"attachments":[],"parameters":[],"shouldDisplayMessage":true,"stepsCount":0,"attachmentsCount":0,"hasContent":true,"attachmentStep":false}],"attachments":[{"uid":"7a8a9c4ca4072c89","name":"失败截图","source":"7a8a9c4ca4072c89.png","type":"image/png","size":70391},{"uid":"e73939f47bff3816","name":"log","source":"e73939f47bff3816.txt","type":"text/plain","size":2837},{"uid":"a0c093aacce827b1","name":"stdout","source":"a0c093aacce827b1.txt","type":"text/plain","size":692}],"parameters":[],"shouldDisplayMessage":true,"stepsCount":10,"attachmentsCount":3,"hasContent":true,"attachmentStep":false},"afterStages":[{"name":"page::0","time":{"start":1769617404917,"stop":1769617404921,"duration":4},"status":"passed","steps":[],"attachments":[],"parameters":[],"shouldDisplayMessage":false,"stepsCount":0,"attachmentsCount":0,"hasContent":false,"attachmentStep":false},{"name":"context::0","time":{"start":1769617404922,"stop":1769617404926,"duration":4},"status":"passed","steps":[],"attachments":[],"parameters":[],"shouldDisplayMessage":false,"stepsCount":0,"attachmentsCount":0,"hasContent":false,"attachmentStep":false}],"labels":[{"name":"story","value":"登录失败"},{"name":"severity","value":"normal"},{"name":"feature","value":"登录功能"},{"name":"tag","value":"login"},{"name":"parentSuite","value":"tests"},{"name":"suite","value":"test_login"},{"name":"subSuite","value":"TestLogin"},{"name":"host","value":"runnervmymu0l"},{"name":"thread","value":"3168-MainThread"},{"name":"framework","value":"pytest"},{"name":"language","value":"cpython3"},{"name":"package","value":"tests.test_login"},{"name":"resultFormat","value":"allure2"}],"parameters":[],"links":[],"hidden":true,"retry":true,"extra":{"categories":[],"tags":["login"]},"source":"41652ab671218564.json","parameterValues":[]}