{"uid":"90253bafee235eb2","name":"空用户名登录验证","fullName":"tests.test_login.TestLogin#test_login_with_empty_username","historyId":"1340611f82e45c07aff71e937548b467","time":{"start":1769617401467,"stop":1769617402496,"duration":1029},"description":"\n        测试空用户名登录\n\n        步骤:\n        1. 打开登录页面\n        2. 只输入密码，不输入用户名\n        3. 点击登录\n        4. 验证显示必填字段错误\n        ","descriptionHtml":"<pre><code>    测试空用户名登录\n\n    步骤:\n    1. 打开登录页面\n    2. 只输入密码，不输入用户名\n    3. 点击登录\n    4. 验证显示必填字段错误\n</code></pre>\n","status":"failed","statusMessage":"AssertionError: 错误消息不正确: 需要\nassert 'required' in '需要'\n +  where '需要' = <built-in method lower of str object at 0x7f6fafc78ff0>()\n +    where <built-in method lower of str object at 0x7f6fafc78ff0> = '需要'.lower","statusTrace":"tests/test_login.py:92: in test_login_with_empty_username\n    assert \"required\" in error.lower(), f\"错误消息不正确: {error}\"\nE   AssertionError: 错误消息不正确: 需要\nE   assert 'required' in '需要'\nE    +  where '需要' = <built-in method lower of str object at 0x7f6fafc78ff0>()\nE    +    where <built-in method lower of str object at 0x7f6fafc78ff0> = '需要'.lower","flaky":false,"newFailed":false,"newBroken":false,"newPassed":false,"retriesCount":0,"retriesStatusChange":false,"beforeStages":[{"name":"context","time":{"start":1769617401434,"stop":1769617401438,"duration":4},"status":"passed","steps":[],"attachments":[],"parameters":[],"shouldDisplayMessage":false,"stepsCount":0,"attachmentsCount":0,"hasContent":false,"attachmentStep":false},{"name":"page","time":{"start":1769617401438,"stop":1769617401466,"duration":28},"status":"passed","steps":[],"attachments":[],"parameters":[],"shouldDisplayMessage":false,"stepsCount":0,"attachmentsCount":0,"hasContent":false,"attachmentStep":false},{"name":"login_page","time":{"start":1769617401466,"stop":1769617401467,"duration":1},"status":"passed","steps":[],"attachments":[],"parameters":[],"shouldDisplayMessage":false,"stepsCount":0,"attachmentsCount":0,"hasContent":false,"attachmentStep":false}],"testStage":{"description":"\n        测试空用户名登录\n\n        步骤:\n        1. 打开登录页面\n        2. 只输入密码，不输入用户名\n        3. 点击登录\n        4. 验证显示必填字段错误\n        ","status":"failed","statusMessage":"AssertionError: 错误消息不正确: 需要\nassert 'required' in '需要'\n +  where '需要' = <built-in method lower of str object at 0x7f6fafc78ff0>()\n +    where <built-in method lower of str object at 0x7f6fafc78ff0> = '需要'.lower","statusTrace":"tests/test_login.py:92: in test_login_with_empty_username\n    assert \"required\" in error.lower(), f\"错误消息不正确: {error}\"\nE   AssertionError: 错误消息不正确: 需要\nE   assert 'required' in '需要'\nE    +  where '需要' = <built-in method lower of str object at 0x7f6fafc78ff0>()\nE    +    where <built-in method lower of str object at 0x7f6fafc78ff0> = '需要'.lower","steps":[{"name":"打开登录页面","time":{"start":1769617401467,"stop":1769617402408,"duration":941},"status":"passed","steps":[{"name":"打开登录页面","time":{"start":1769617401467,"stop":1769617402408,"duration":941},"status":"passed","steps":[{"name":"导航到: 'https://opensource-demo.orangehrmlive.com/web/index.php/auth/login'","time":{"start":1769617401467,"stop":1769617402047,"duration":580},"status":"passed","steps":[],"attachments":[],"parameters":[{"name":"url","value":"'https://opensource-demo.orangehrmlive.com/web/index.php/auth/login'"}],"shouldDisplayMessage":false,"stepsCount":0,"attachmentsCount":0,"hasContent":true,"attachmentStep":false},{"name":"等待元素可见","time":{"start":1769617402048,"stop":1769617402408,"duration":360},"status":"passed","steps":[],"attachments":[],"parameters":[{"name":"selector","value":"'button[type='submit']'"},{"name":"timeout","value":"None"}],"shouldDisplayMessage":false,"stepsCount":0,"attachmentsCount":0,"hasContent":true,"attachmentStep":false}],"attachments":[],"parameters":[],"shouldDisplayMessage":false,"stepsCount":2,"attachmentsCount":0,"hasContent":true,"attachmentStep":false}],"attachments":[],"parameters":[],"shouldDisplayMessage":false,"stepsCount":3,"attachmentsCount":0,"hasContent":true,"attachmentStep":false},{"name":"只输入密码","time":{"start":1769617402408,"stop":1769617402483,"duration":75},"status":"passed","steps":[{"name":"输入密码","time":{"start":1769617402408,"stop":1769617402432,"duration":24},"status":"passed","steps":[{"name":"输入文本","time":{"start":1769617402408,"stop":1769617402432,"duration":24},"status":"passed","steps":[],"attachments":[],"parameters":[{"name":"selector","value":"'input[name='password']'"},{"name":"text","value":"'admin123'"}],"shouldDisplayMessage":false,"stepsCount":0,"attachmentsCount":0,"hasContent":true,"attachmentStep":false}],"attachments":[],"parameters":[{"name":"password","value":"'admin123'"}],"shouldDisplayMessage":false,"stepsCount":1,"attachmentsCount":0,"hasContent":true,"attachmentStep":false},{"name":"点击登录按钮","time":{"start":1769617402432,"stop":1769617402483,"duration":51},"status":"passed","steps":[{"name":"点击元素","time":{"start":1769617402432,"stop":1769617402483,"duration":51},"status":"passed","steps":[],"attachments":[],"parameters":[{"name":"selector","value":"'button[type='submit']'"}],"shouldDisplayMessage":false,"stepsCount":0,"attachmentsCount":0,"hasContent":true,"attachmentStep":false}],"attachments":[],"parameters":[],"shouldDisplayMessage":false,"stepsCount":1,"attachmentsCount":0,"hasContent":true,"attachmentStep":false}],"attachments":[],"parameters":[],"shouldDisplayMessage":false,"stepsCount":4,"attachmentsCount":0,"hasContent":true,"attachmentStep":false},{"name":"验证显示必填字段错误","time":{"start":1769617402483,"stop":1769617402496,"duration":13},"status":"failed","statusMessage":"AssertionError: 错误消息不正确: 需要\nassert 'required' in '需要'\n +  where '需要' = <built-in method lower of str object at 0x7f6fafc78ff0>()\n +    where <built-in method lower of str object at 0x7f6fafc78ff0> = '需要'.lower\n","statusTrace":"  File \"/home/runner/work/playwright-test/playwright-test/tests/test_login.py\", line 92, in test_login_with_empty_username\n    assert \"required\" in error.lower(), f\"错误消息不正确: {error}\"\n","steps":[],"attachments":[],"parameters":[],"shouldDisplayMessage":true,"stepsCount":0,"attachmentsCount":0,"hasContent":true,"attachmentStep":false}],"attachments":[{"uid":"c7ed9eb96efdce6f","name":"失败截图","source":"c7ed9eb96efdce6f.png","type":"image/png","size":70388},{"uid":"4b3c3c23ab0e0797","name":"log","source":"4b3c3c23ab0e0797.txt","type":"text/plain","size":1418},{"uid":"9429dc28a3610bc9","name":"stdout","source":"9429dc28a3610bc9.txt","type":"text/plain","size":346}],"parameters":[],"shouldDisplayMessage":true,"stepsCount":10,"attachmentsCount":3,"hasContent":true,"attachmentStep":false},"afterStages":[{"name":"page::0","time":{"start":1769617402667,"stop":1769617402671,"duration":4},"status":"passed","steps":[],"attachments":[],"parameters":[],"shouldDisplayMessage":false,"stepsCount":0,"attachmentsCount":0,"hasContent":false,"attachmentStep":false},{"name":"context::0","time":{"start":1769617402671,"stop":1769617402676,"duration":5},"status":"passed","steps":[],"attachments":[],"parameters":[],"shouldDisplayMessage":false,"stepsCount":0,"attachmentsCount":0,"hasContent":false,"attachmentStep":false}],"labels":[{"name":"story","value":"登录失败"},{"name":"severity","value":"normal"},{"name":"feature","value":"登录功能"},{"name":"tag","value":"login"},{"name":"parentSuite","value":"tests"},{"name":"suite","value":"test_login"},{"name":"subSuite","value":"TestLogin"},{"name":"host","value":"runnervmymu0l"},{"name":"thread","value":"3168-MainThread"},{"name":"framework","value":"pytest"},{"name":"language","value":"cpython3"},{"name":"package","value":"tests.test_login"},{"name":"resultFormat","value":"allure2"}],"parameters":[],"links":[],"hidden":true,"retry":true,"extra":{"categories":[],"tags":["login"]},"source":"90253bafee235eb2.json","parameterValues":[]}