{"uid":"a51323cfc00a65f8","name":"空密码登录验证","fullName":"tests.test_login.TestLogin#test_login_with_empty_password","historyId":"7eef50114487a36199b2875b70b20867","time":{"start":1769617412913,"stop":1769617414047,"duration":1134},"description":"\n        测试空密码登录\n\n        步骤:\n        1. 打开登录页面\n        2. 只输入用户名，不输入密码\n        3. 点击登录\n        4. 验证显示必填字段错误\n        ","descriptionHtml":"<pre><code>    测试空密码登录\n\n    步骤:\n    1. 打开登录页面\n    2. 只输入用户名，不输入密码\n    3. 点击登录\n    4. 验证显示必填字段错误\n</code></pre>\n","status":"failed","statusMessage":"AssertionError: 错误消息不正确: 需要\nassert 'required' in '需要'\n +  where '需要' = <built-in method lower of str object at 0x7f6fafc03430>()\n +    where <built-in method lower of str object at 0x7f6fafc03430> = '需要'.lower","statusTrace":"tests/test_login.py:118: in test_login_with_empty_password\n    assert \"required\" in error.lower(), f\"错误消息不正确: {error}\"\nE   AssertionError: 错误消息不正确: 需要\nE   assert 'required' in '需要'\nE    +  where '需要' = <built-in method lower of str object at 0x7f6fafc03430>()\nE    +    where <built-in method lower of str object at 0x7f6fafc03430> = '需要'.lower","flaky":false,"newFailed":false,"newBroken":false,"newPassed":false,"retriesCount":0,"retriesStatusChange":false,"beforeStages":[{"name":"context","time":{"start":1769617412880,"stop":1769617412886,"duration":6},"status":"passed","steps":[],"attachments":[],"parameters":[],"shouldDisplayMessage":false,"stepsCount":0,"attachmentsCount":0,"hasContent":false,"attachmentStep":false},{"name":"page","time":{"start":1769617412886,"stop":1769617412912,"duration":26},"status":"passed","steps":[],"attachments":[],"parameters":[],"shouldDisplayMessage":false,"stepsCount":0,"attachmentsCount":0,"hasContent":false,"attachmentStep":false},{"name":"login_page","time":{"start":1769617412912,"stop":1769617412913,"duration":1},"status":"passed","steps":[],"attachments":[],"parameters":[],"shouldDisplayMessage":false,"stepsCount":0,"attachmentsCount":0,"hasContent":false,"attachmentStep":false}],"testStage":{"description":"\n        测试空密码登录\n\n        步骤:\n        1. 打开登录页面\n        2. 只输入用户名，不输入密码\n        3. 点击登录\n        4. 验证显示必填字段错误\n        ","status":"failed","statusMessage":"AssertionError: 错误消息不正确: 需要\nassert 'required' in '需要'\n +  where '需要' = <built-in method lower of str object at 0x7f6fafc03430>()\n +    where <built-in method lower of str object at 0x7f6fafc03430> = '需要'.lower","statusTrace":"tests/test_login.py:118: in test_login_with_empty_password\n    assert \"required\" in error.lower(), f\"错误消息不正确: {error}\"\nE   AssertionError: 错误消息不正确: 需要\nE   assert 'required' in '需要'\nE    +  where '需要' = <built-in method lower of str object at 0x7f6fafc03430>()\nE    +    where <built-in method lower of str object at 0x7f6fafc03430> = '需要'.lower","steps":[{"name":"打开登录页面","time":{"start":1769617412913,"stop":1769617413966,"duration":1053},"status":"passed","steps":[{"name":"打开登录页面","time":{"start":1769617412913,"stop":1769617413965,"duration":1052},"status":"passed","steps":[{"name":"导航到: 'https://opensource-demo.orangehrmlive.com/web/index.php/auth/login'","time":{"start":1769617412913,"stop":1769617413630,"duration":717},"status":"passed","steps":[],"attachments":[],"parameters":[{"name":"url","value":"'https://opensource-demo.orangehrmlive.com/web/index.php/auth/login'"}],"shouldDisplayMessage":false,"stepsCount":0,"attachmentsCount":0,"hasContent":true,"attachmentStep":false},{"name":"等待元素可见","time":{"start":1769617413630,"stop":1769617413965,"duration":335},"status":"passed","steps":[],"attachments":[],"parameters":[{"name":"selector","value":"'button[type='submit']'"},{"name":"timeout","value":"None"}],"shouldDisplayMessage":false,"stepsCount":0,"attachmentsCount":0,"hasContent":true,"attachmentStep":false}],"attachments":[],"parameters":[],"shouldDisplayMessage":false,"stepsCount":2,"attachmentsCount":0,"hasContent":true,"attachmentStep":false}],"attachments":[],"parameters":[],"shouldDisplayMessage":false,"stepsCount":3,"attachmentsCount":0,"hasContent":true,"attachmentStep":false},{"name":"只输入用户名","time":{"start":1769617413966,"stop":1769617414034,"duration":68},"status":"passed","steps":[{"name":"输入用户名: 'Admin'","time":{"start":1769617413966,"stop":1769617413998,"duration":32},"status":"passed","steps":[{"name":"输入文本","time":{"start":1769617413966,"stop":1769617413998,"duration":32},"status":"passed","steps":[],"attachments":[],"parameters":[{"name":"selector","value":"'input[name='username']'"},{"name":"text","value":"'Admin'"}],"shouldDisplayMessage":false,"stepsCount":0,"attachmentsCount":0,"hasContent":true,"attachmentStep":false}],"attachments":[],"parameters":[{"name":"username","value":"'Admin'"}],"shouldDisplayMessage":false,"stepsCount":1,"attachmentsCount":0,"hasContent":true,"attachmentStep":false},{"name":"点击登录按钮","time":{"start":1769617413998,"stop":1769617414034,"duration":36},"status":"passed","steps":[{"name":"点击元素","time":{"start":1769617413998,"stop":1769617414034,"duration":36},"status":"passed","steps":[],"attachments":[],"parameters":[{"name":"selector","value":"'button[type='submit']'"}],"shouldDisplayMessage":false,"stepsCount":0,"attachmentsCount":0,"hasContent":true,"attachmentStep":false}],"attachments":[],"parameters":[],"shouldDisplayMessage":false,"stepsCount":1,"attachmentsCount":0,"hasContent":true,"attachmentStep":false}],"attachments":[],"parameters":[],"shouldDisplayMessage":false,"stepsCount":4,"attachmentsCount":0,"hasContent":true,"attachmentStep":false},{"name":"验证显示必填字段错误","time":{"start":1769617414034,"stop":1769617414047,"duration":13},"status":"failed","statusMessage":"AssertionError: 错误消息不正确: 需要\nassert 'required' in '需要'\n +  where '需要' = <built-in method lower of str object at 0x7f6fafc03430>()\n +    where <built-in method lower of str object at 0x7f6fafc03430> = '需要'.lower\n","statusTrace":"  File \"/home/runner/work/playwright-test/playwright-test/tests/test_login.py\", line 118, in test_login_with_empty_password\n    assert \"required\" in error.lower(), f\"错误消息不正确: {error}\"\n","steps":[],"attachments":[],"parameters":[],"shouldDisplayMessage":true,"stepsCount":0,"attachmentsCount":0,"hasContent":true,"attachmentStep":false}],"attachments":[{"uid":"b5497196cda708c3","name":"失败截图","source":"b5497196cda708c3.png","type":"image/png","size":70022},{"uid":"812b53baa5d86380","name":"log","source":"812b53baa5d86380.txt","type":"text/plain","size":4247},{"uid":"c5f6156fc870daf","name":"stdout","source":"c5f6156fc870daf.txt","type":"text/plain","size":1038}],"parameters":[],"shouldDisplayMessage":true,"stepsCount":10,"attachmentsCount":3,"hasContent":true,"attachmentStep":false},"afterStages":[{"name":"page::0","time":{"start":1769617414218,"stop":1769617414222,"duration":4},"status":"passed","steps":[],"attachments":[],"parameters":[],"shouldDisplayMessage":false,"stepsCount":0,"attachmentsCount":0,"hasContent":false,"attachmentStep":false},{"name":"context::0","time":{"start":1769617414222,"stop":1769617414227,"duration":5},"status":"passed","steps":[],"attachments":[],"parameters":[],"shouldDisplayMessage":false,"stepsCount":0,"attachmentsCount":0,"hasContent":false,"attachmentStep":false}],"labels":[{"name":"story","value":"登录失败"},{"name":"severity","value":"normal"},{"name":"feature","value":"登录功能"},{"name":"tag","value":"login"},{"name":"parentSuite","value":"tests"},{"name":"suite","value":"test_login"},{"name":"subSuite","value":"TestLogin"},{"name":"host","value":"runnervmymu0l"},{"name":"thread","value":"3168-MainThread"},{"name":"framework","value":"pytest"},{"name":"language","value":"cpython3"},{"name":"package","value":"tests.test_login"},{"name":"resultFormat","value":"allure2"}],"parameters":[],"links":[],"hidden":true,"retry":true,"extra":{"categories":[],"tags":["login"]},"source":"a51323cfc00a65f8.json","parameterValues":[]}